<?xml version="1.0" encoding="UTF-8"?>
<!-- Generated by org.testng.reporters.JUnitXMLReporter -->
<testsuite ignored="0" hostname="KIARA" failures="1" tests="1" name="Default test" time="23.806" errors="0" timestamp="2024-11-19T15:52:00 IST">
  <testcase classname="io.cucumber.testng.AbstractTestNGCucumberTests" name="runScenario" time="22.634">
    <failure type="java.lang.IllegalArgumentException" message="Argument is of an illegal type: org.openqa.selenium.By$ByXPath">
      <![CDATA[java.lang.IllegalArgumentException: Argument is of an illegal type: org.openqa.selenium.By$ByXPath
at org.openqa.selenium.remote.WebElementToJsonConverter.apply(WebElementToJsonConverter.java:83)
at java.base/java.util.stream.ReferencePipeline$3$1.accept(ReferencePipeline.java:197)
at java.base/java.util.Spliterators$ArraySpliterator.forEachRemaining(Spliterators.java:992)
at java.base/java.util.stream.AbstractPipeline.copyInto(AbstractPipeline.java:509)
at java.base/java.util.stream.AbstractPipeline.wrapAndCopyInto(AbstractPipeline.java:499)
at java.base/java.util.stream.ReduceOps$ReduceOp.evaluateSequential(ReduceOps.java:921)
at java.base/java.util.stream.AbstractPipeline.evaluate(AbstractPipeline.java:234)
at java.base/java.util.stream.ReferencePipeline.collect(ReferencePipeline.java:682)
at org.openqa.selenium.remote.RemoteWebDriver.executeScript(RemoteWebDriver.java:474)
at PageObjects.AutomationPageObjects.scrollView(AutomationPageObjects.java:159)
at stepDefinitions.AutomationStepDefinition.click_on_show_and_hide_buttons(AutomationStepDefinition.java:87)
at âœ½.click on show and hide buttons(file:///C:/Users/Pavan%20Kumar%20Muppa/Automation/SeleniumFrameworkDesign/BDDsampleProject/src/test/java/features/Automation.feature:13)
]]>
    </failure>
  </testcase> <!-- runScenario -->
</testsuite> <!-- Default test -->
